0 info it worked if it ends with ok
1 verbose cli [ 'C:\\Program Files\\nodejs\\node.exe',
1 verbose cli   'C:\\Program Files\\nodejs\\node_modules\\npm\\bin\\npm-cli.js',
1 verbose cli   'start' ]
2 info using npm@3.10.10
3 info using node@v6.11.3
4 verbose run-script [ 'prestart', 'start', 'poststart' ]
5 info lifecycle monitoring@0.0.0~prestart: monitoring@0.0.0
6 silly lifecycle monitoring@0.0.0~prestart: no script for prestart, continuing
7 info lifecycle monitoring@0.0.0~start: monitoring@0.0.0
8 verbose lifecycle monitoring@0.0.0~start: unsafe-perm in lifecycle true
9 verbose lifecycle monitoring@0.0.0~start: PATH: C:\Program Files\nodejs\node_modules\npm\bin\node-gyp-bin;C:\Data\Playground\DockerRedisNetCore\Monitoring\node_modules\.bin;C:\Program Files (x86)\Cmder\bin;C:\Program Files (x86)\Cmder\vendor\conemu-maximus5\ConEmu\Scripts;C:\Program Files (x86)\Cmder\vendor\conemu-maximus5;C:\Program Files (x86)\Cmder\vendor\conemu-maximus5\ConEmu;C:\Program Files\Docker\Docker\Resources\bin;C:\Program Files (x86)\Microsoft SDKs\Azure\CLI2\wbin;C:\Program Files\Microsoft MPI\Bin\;C:\WINDOWS\system32;C:\WINDOWS;C:\WINDOWS\System32\Wbem;C:\WINDOWS\System32\WindowsPowerShell\v1.0\;C:\Program Files\dotnet\;C:\Program Files\Microsoft SQL Server\130\Tools\Binn\;C:\Program Files\Git\cmd;C:\Program Files\nodejs\;C:\Program Files (x86)\Bitvise SSH Client;C:\ProgramData\chocolatey\bin;C:\Program Files (x86)\Microsoft SDKs\Azure\AzCop;;C:\WINDOWS\System32\OpenSSH\;C:\Program Files\Microsoft VS Code\bin;C:\Users\Chris\AppData\Local\Microsoft\WindowsApps;C:\Users\Chris\AppData\Roaming\npm;C:\Program Files (x86);C:\Program Files\Git\usr\bin;C:\Program Files\Git\usr\share\vim\vim74;C:\Program Files (x86)\Cmder\
10 verbose lifecycle monitoring@0.0.0~start: CWD: C:\Data\Playground\DockerRedisNetCore\Monitoring
11 silly lifecycle monitoring@0.0.0~start: Args: [ '/d /s /c', 'node app.js' ]
12 silly lifecycle monitoring@0.0.0~start: Returned: code: 1  signal: null
13 info lifecycle monitoring@0.0.0~start: Failed to exec start script
14 verbose stack Error: monitoring@0.0.0 start: `node app.js`
14 verbose stack Exit status 1
14 verbose stack     at EventEmitter.<anonymous> (C:\Program Files\nodejs\node_modules\npm\lib\utils\lifecycle.js:255:16)
14 verbose stack     at emitTwo (events.js:106:13)
14 verbose stack     at EventEmitter.emit (events.js:191:7)
14 verbose stack     at ChildProcess.<anonymous> (C:\Program Files\nodejs\node_modules\npm\lib\utils\spawn.js:40:14)
14 verbose stack     at emitTwo (events.js:106:13)
14 verbose stack     at ChildProcess.emit (events.js:191:7)
14 verbose stack     at maybeClose (internal/child_process.js:920:16)
14 verbose stack     at Process.ChildProcess._handle.onexit (internal/child_process.js:230:5)
15 verbose pkgid monitoring@0.0.0
16 verbose cwd C:\Data\Playground\DockerRedisNetCore\Monitoring
17 error Windows_NT 10.0.17134
18 error argv "C:\\Program Files\\nodejs\\node.exe" "C:\\Program Files\\nodejs\\node_modules\\npm\\bin\\npm-cli.js" "start"
19 error node v6.11.3
20 error npm  v3.10.10
21 error code ELIFECYCLE
22 error monitoring@0.0.0 start: `node app.js`
22 error Exit status 1
23 error Failed at the monitoring@0.0.0 start script 'node app.js'.
23 error Make sure you have the latest version of node.js and npm installed.
23 error If you do, this is most likely a problem with the monitoring package,
23 error not with npm itself.
23 error Tell the author that this fails on your system:
23 error     node app.js
23 error You can get information on how to open an issue for this project with:
23 error     npm bugs monitoring
23 error Or if that isn't available, you can get their info via:
23 error     npm owner ls monitoring
23 error There is likely additional logging output above.
24 verbose exit [ 1, true ]
